<?xml version="1.0" encoding="UTF-8"?>
<testsuite xmlns:xsi="http://www.w3.org/2001/XMLSchema-instance" xsi:noNamespaceSchemaLocation="https://maven.apache.org/surefire/maven-surefire-plugin/xsd/surefire-test-report-3.0.xsd" version="3.0" name="TestSuite" time="11.412" tests="4" errors="0" skipped="0" failures="0">
  <properties>
[...]
</properties>
  <testcase name="TC001_CheckifLogoisPresent" classname="com.qa.testcases.FlightTestCases" time="0.084"/>
  <testcase name="TC002_SelectFlightOption" classname="com.qa.testcases.FlightTestCases" time="1.828"/>
  <testcase name="TC003_CheckifLogoisPresent" classname="com.qa.testcases.FlightTestCases" time="0.089"/>
  <testcase name="TC004_SelectFlightOption" classname="com.qa.testcases.FlightTestCases" time="1.532"/>
</testsuite>