<?xml version="1.0" encoding="UTF-8"?>
<testng-results ignored="0" total="2" passed="2" failed="0" skipped="0">
  <reporter-output>
  </reporter-output>
  <suite started-at="2024-03-19T10:49:53 IST" name="RegressionSuite" finished-at="2024-03-19T10:49:54 IST" duration-ms="662">
    <groups>
      <group name="Functionality">
        <method signature="LoginTestCases.TC002_LoginWithNumber()[pri:2, instance:com.qa.testcases.LoginTestCases@b62d79]" name="TC002_LoginWithNumber" class="com.qa.testcases.LoginTestCases"/>
      </group> <!-- Functionality -->
      <group name="UI">
        <method signature="LoginTestCases.TC001_CheckifLoginModalisPresent()[pri:1, instance:com.qa.testcases.LoginTestCases@b62d79]" name="TC001_CheckifLoginModalisPresent" class="com.qa.testcases.LoginTestCases"/>
      </group> <!-- UI -->
      <group name="Simple">
        <method signature="LoginTestCases.TC001_CheckifLoginModalisPresent()[pri:1, instance:com.qa.testcases.LoginTestCases@b62d79]" name="TC001_CheckifLoginModalisPresent" class="com.qa.testcases.LoginTestCases"/>
      </group> <!-- Simple -->
    </groups>
    <test started-at="2024-03-19T10:49:53 IST" name="Testing" finished-at="2024-03-19T10:49:54 IST" duration-ms="662">
      <class name="com.qa.testcases.LoginTestCases">
        <test-method is-config="true" signature="setUp()[pri:0, instance:com.qa.testcases.LoginTestCases@b62d79]" started-at="2024-03-19T10:49:48 IST" name="setUp" finished-at="2024-03-19T10:49:53 IST" duration-ms="5299" status="PASS">
          <reporter-output>
          </reporter-output>
        </test-method> <!-- setUp -->
        <test-method signature="TC001_CheckifLoginModalisPresent()[pri:1, instance:com.qa.testcases.LoginTestCases@b62d79]" started-at="2024-03-19T10:49:53 IST" name="TC001_CheckifLoginModalisPresent" finished-at="2024-03-19T10:49:53 IST" duration-ms="115" status="PASS">
          <reporter-output>
          </reporter-output>
        </test-method> <!-- TC001_CheckifLoginModalisPresent -->
        <test-method signature="TC002_LoginWithNumber()[pri:2, instance:com.qa.testcases.LoginTestCases@b62d79]" started-at="2024-03-19T10:49:53 IST" name="TC002_LoginWithNumber" finished-at="2024-03-19T10:49:54 IST" duration-ms="501" status="PASS">
          <reporter-output>
          </reporter-output>
        </test-method> <!-- TC002_LoginWithNumber -->
        <test-method is-config="true" signature="tearDown()[pri:0, instance:com.qa.testcases.LoginTestCases@b62d79]" started-at="2024-03-19T10:49:54 IST" name="tearDown" finished-at="2024-03-19T10:49:54 IST" duration-ms="324" status="PASS">
          <reporter-output>
          </reporter-output>
        </test-method> <!-- tearDown -->
      </class> <!-- com.qa.testcases.LoginTestCases -->
    </test> <!-- Testing -->
  </suite> <!-- RegressionSuite -->
</testng-results>
