<?xml version="1.0" encoding="UTF-8"?>
<!-- Generated by org.testng.reporters.JUnitXMLReporter -->
<testsuite ignored="0" hostname="Garg" failures="0" tests="4" name="Testing" time="7.282" errors="0" timestamp="2024-03-17T14:38:02 IST">
  <testcase classname="com.qa.testcases.FlightTestCases" name="TC001_CheckifLogoisPresent" time="0.096"/>
  <testcase classname="com.qa.testcases.FlightTestCases" name="TC002_SelectFlightOption" time="1.644"/>
  <testcase classname="com.qa.testcases.FlightTestCases" name="TC003_CheckifLogoisPresent" time="0.136"/>
  <testcase classname="com.qa.testcases.FlightTestCases" name="TC004_SelectFlightOption" time="2.023"/>
</testsuite> <!-- Testing -->
