<?xml version="1.0" encoding="UTF-8"?>
<!-- Generated by org.testng.reporters.JUnitXMLReporter -->
<testsuite ignored="0" hostname="Garg" failures="0" tests="4" name="Testing" time="3.856" errors="0" timestamp="2024-03-17T15:16:47 IST">
  <testcase classname="com.qa.testcases.FlightTestCases" name="TC001_CheckifLogoisPresent" time="0.083"/>
  <testcase classname="com.qa.testcases.FlightTestCases" name="TC002_SelectFlightOption" time="1.819"/>
  <testcase classname="com.qa.testcases.FlightTestCases" name="TC003_CheckifLogoisPresent" time="0.092"/>
  <testcase classname="com.qa.testcases.FlightTestCases" name="TC004_SelectFlightOption" time="1.509"/>
</testsuite> <!-- Testing -->
